<?xml version="1.0" encoding="UTF-8"?>
<testsuite xmlns:xsi="http://www.w3.org/2001/XMLSchema-instance" xsi:noNamespaceSchemaLocation="https://maven.apache.org/surefire/maven-surefire-plugin/xsd/surefire-test-report-3.0.xsd" version="3.0" name="runners.TestRunner" time="2.063" tests="1" errors="0" skipped="0" failures="0">
  <properties>
[...]
</properties>
  <testcase name="Reach Example website" classname="Visit Website" time="1.694">
    <system-out><![CDATA[
Scenario: Reach Example website                &amp#27;[90m# src/test/resources/features/visit_site.feature:3&amp#27;[0m
  &amp#27;[32mGiven &amp#27;[0m&amp#27;[32muser opens browser&amp#27;[0m                     &amp#27;[90m# steps.WebsiteSteps.userOpensBrowser()&amp#27;[0m
  &amp#27;[32mWhen &amp#27;[0m&amp#27;[32muser navigates to &amp#27;[0m&amp#27;[32m&amp#27;[1m"https://example.com"&amp#27;[0m &amp#27;[90m# steps.WebsiteSteps.userNavigatesTo(java.lang.String)&amp#27;[0m
  &amp#27;[32mThen &amp#27;[0m&amp#27;[32mtitle should contain &amp#27;[0m&amp#27;[32m&amp#27;[1m"Example Domain"&amp#27;[0m   &amp#27;[90m# steps.WebsiteSteps.titleShouldContain(java.lang.String)&amp#27;[0m
]]></system-out>
  </testcase>
</testsuite>